<?xml version="1.0" encoding="UTF-8"?>
<!-- Generated by org.testng.reporters.JUnitXMLReporter -->
<testsuite ignored="0" hostname="BEAVERG" failures="1" tests="3" name="All tests" time="57.218" errors="0" timestamp="2023-02-07T00:39:02 MSK">
  <testcase classname="pagefactory.test.FWWDAdvancedTests" name="commonSearchCloudCalc" time="11.646"/>
  <testcase classname="pagefactory.test.FWWDAdvancedTests" name="commonSearchCloudCalcWithAnotherRequest" time="15.034"/>
  <testcase classname="pagefactory.test.FWWDMainTest" name="commonSearchCloudCalcAndCheckEstimate" time="26.915">
    <failure type="org.openqa.selenium.NoSuchFrameException" message="No frame element found by name or id ifmail
Build info: version: &amp;apos;4.8.0&amp;apos;, revision: &amp;apos;267030adea&amp;apos;
System info: os.name: &amp;apos;Windows 11&amp;apos;, os.arch: &amp;apos;amd64&amp;apos;, os.version: &amp;apos;10.0&amp;apos;, java.version: &amp;apos;17.0.5&amp;apos;
Driver info: driver.version: unknown">
      <![CDATA[org.openqa.selenium.NoSuchFrameException: No frame element found by name or id ifmail
Build info: version: '4.8.0', revision: '267030adea'
System info: os.name: 'Windows 11', os.arch: 'amd64', os.version: '10.0', java.version: '17.0.5'
Driver info: driver.version: unknown
at org.openqa.selenium.remote.RemoteWebDriver$RemoteTargetLocator.frame(RemoteWebDriver.java:1015)
at waits.WaitEmailCondition.<init>(WaitEmailCondition.java:17)
at pagefactory.page.FWWDEmailPage.checkEmail(FWWDEmailPage.java:60)
at pagefactory.test.FWWDMainTest.commonSearchCloudCalcAndCheckEstimate(FWWDMainTest.java:29)
at java.base/java.util.ArrayList.forEach(ArrayList.java:1511)
... Removed 31 stack frames]]>
    </failure>
  </testcase> <!-- commonSearchCloudCalcAndCheckEstimate -->
</testsuite> <!-- All tests -->
